
*** Running vivado
    with args -log contBCD_Lento_VIO.vds -m64 -product Vivado -mode batch -messageDb vivado.pb -notrace -source contBCD_Lento_VIO.tcl


****** Vivado v2018.1 (64-bit)
  **** SW Build 2188600 on Wed Apr  4 18:40:38 MDT 2018
  **** IP Build 2185939 on Wed Apr  4 20:55:05 MDT 2018
    ** Copyright 1986-2018 Xilinx, Inc. All Rights Reserved.

source contBCD_Lento_VIO.tcl -notrace
Command: synth_design -top contBCD_Lento_VIO -part xc7z010clg400-1
Starting synth_design
Attempting to get a license for feature 'Synthesis' and/or device 'xc7z010'
INFO: [Common 17-349] Got license for feature 'Synthesis' and/or device 'xc7z010'
INFO: Launching helper process for spawning children vivado processes
INFO: Helper process launched with PID 5792 
---------------------------------------------------------------------------------
Starting RTL Elaboration : Time (s): cpu = 00:00:03 ; elapsed = 00:00:03 . Memory (MB): peak = 378.332 ; gain = 99.520
---------------------------------------------------------------------------------
INFO: [Synth 8-638] synthesizing module 'contBCD_Lento_VIO' [C:/Xilinx/Practicas/contBCD_lento_VIO/Fuentes/contBCD_Lento_VIO.vhd:13]
	Parameter CICLOS bound to: 125000000 - type: integer 
INFO: [Synth 8-3491] module 'contBCD_Lento' declared at 'C:/Xilinx/Practicas/contBCD_lento_VIO/Fuentes/contBCD_Lento.vhd:6' bound to instance 'contBCD_Lento_inst' of component 'contBCD_Lento' [C:/Xilinx/Practicas/contBCD_lento_VIO/Fuentes/contBCD_Lento_VIO.vhd:43]
INFO: [Synth 8-638] synthesizing module 'contBCD_Lento' [C:/Xilinx/Practicas/contBCD_lento_VIO/Fuentes/contBCD_Lento.vhd:19]
	Parameter CICLOS bound to: 125000000 - type: integer 
	Parameter N bound to: 4 - type: integer 
INFO: [Synth 8-3491] module 'contBCD' declared at 'C:/Xilinx/Practicas/contBCD_lento_VIO/Fuentes/contBCD.vhd:6' bound to instance 'contBCD_inst' of component 'contBCD' [C:/Xilinx/Practicas/contBCD_lento_VIO/Fuentes/contBCD_Lento.vhd:51]
INFO: [Synth 8-638] synthesizing module 'contBCD' [C:/Xilinx/Practicas/contBCD_lento_VIO/Fuentes/contBCD.vhd:19]
	Parameter N bound to: 4 - type: integer 
INFO: [Synth 8-256] done synthesizing module 'contBCD' (1#1) [C:/Xilinx/Practicas/contBCD_lento_VIO/Fuentes/contBCD.vhd:19]
	Parameter N bound to: 125000000 - type: integer 
INFO: [Synth 8-3491] module 'genEna' declared at 'C:/Xilinx/Practicas/contBCD_lento_VIO/Fuentes/genEna.vhd:6' bound to instance 'genEna_inst' of component 'genEna' [C:/Xilinx/Practicas/contBCD_lento_VIO/Fuentes/contBCD_Lento.vhd:62]
INFO: [Synth 8-638] synthesizing module 'genEna' [C:/Xilinx/Practicas/contBCD_lento_VIO/Fuentes/genEna.vhd:19]
	Parameter N bound to: 125000000 - type: integer 
INFO: [Synth 8-256] done synthesizing module 'genEna' (2#1) [C:/Xilinx/Practicas/contBCD_lento_VIO/Fuentes/genEna.vhd:19]
INFO: [Synth 8-256] done synthesizing module 'contBCD_Lento' (3#1) [C:/Xilinx/Practicas/contBCD_lento_VIO/Fuentes/contBCD_Lento.vhd:19]
INFO: [Synth 8-3491] module 'vio_0' declared at 'C:/Xilinx/Practicas/contBCD_lento_VIO/Sintesis/contBCD_Lento.runs/synth_1/.Xil/Vivado-8664-DESKTOP-NG7OJN9/realtime/vio_0_stub.vhdl:5' bound to instance 'vio_inst' of component 'vio_0' [C:/Xilinx/Practicas/contBCD_lento_VIO/Fuentes/contBCD_Lento_VIO.vhd:54]
INFO: [Synth 8-638] synthesizing module 'vio_0' [C:/Xilinx/Practicas/contBCD_lento_VIO/Sintesis/contBCD_Lento.runs/synth_1/.Xil/Vivado-8664-DESKTOP-NG7OJN9/realtime/vio_0_stub.vhdl:15]
INFO: [Synth 8-6071] Mark debug on the nets applies keep_hierarchy on instance 'contBCD_Lento_inst'. This will prevent further optimization [C:/Xilinx/Practicas/contBCD_lento_VIO/Fuentes/contBCD_Lento_VIO.vhd:43]
INFO: [Synth 8-256] done synthesizing module 'contBCD_Lento_VIO' (4#1) [C:/Xilinx/Practicas/contBCD_lento_VIO/Fuentes/contBCD_Lento_VIO.vhd:13]
---------------------------------------------------------------------------------
Finished RTL Elaboration : Time (s): cpu = 00:00:03 ; elapsed = 00:00:04 . Memory (MB): peak = 432.848 ; gain = 154.035
---------------------------------------------------------------------------------

Report Check Netlist: 
+------+------------------+-------+---------+-------+------------------+
|      |Item              |Errors |Warnings |Status |Description       |
+------+------------------+-------+---------+-------+------------------+
|1     |multi_driven_nets |      0|        0|Passed |Multi driven nets |
+------+------------------+-------+---------+-------+------------------+
---------------------------------------------------------------------------------
Start Handling Custom Attributes
---------------------------------------------------------------------------------
---------------------------------------------------------------------------------
Finished Handling Custom Attributes : Time (s): cpu = 00:00:03 ; elapsed = 00:00:04 . Memory (MB): peak = 432.848 ; gain = 154.035
---------------------------------------------------------------------------------
---------------------------------------------------------------------------------
Finished RTL Optimization Phase 1 : Time (s): cpu = 00:00:03 ; elapsed = 00:00:04 . Memory (MB): peak = 432.848 ; gain = 154.035
---------------------------------------------------------------------------------
INFO: [Device 21-403] Loading part xc7z010clg400-1
INFO: [Project 1-570] Preparing netlist for logic optimization

Processing XDC Constraints
Initializing timing engine
Parsing XDC File [c:/Xilinx/Practicas/contBCD_lento_VIO/Sintesis/contBCD_Lento.srcs/sources_1/ip/vio_0/vio_0/vio_0_in_context.xdc] for cell 'vio_inst'
Finished Parsing XDC File [c:/Xilinx/Practicas/contBCD_lento_VIO/Sintesis/contBCD_Lento.srcs/sources_1/ip/vio_0/vio_0/vio_0_in_context.xdc] for cell 'vio_inst'
Parsing XDC File [C:/Xilinx/Practicas/contBCD_lento_VIO/Fuentes/Arty-Z7-10-Master.xdc]
Finished Parsing XDC File [C:/Xilinx/Practicas/contBCD_lento_VIO/Fuentes/Arty-Z7-10-Master.xdc]
INFO: [Project 1-236] Implementation specific constraints were found while reading constraint file [C:/Xilinx/Practicas/contBCD_lento_VIO/Fuentes/Arty-Z7-10-Master.xdc]. These constraints will be ignored for synthesis but will be used in implementation. Impacted constraints are listed in the file [.Xil/contBCD_Lento_VIO_propImpl.xdc].
Resolution: To avoid this warning, move constraints listed in [.Xil/contBCD_Lento_VIO_propImpl.xdc] to another XDC file and exclude this new file from synthesis with the used_in_synthesis property (File Properties dialog in GUI) and re-run elaboration/synthesis.
Completed Processing XDC Constraints

INFO: [Project 1-111] Unisim Transformation Summary:
No Unisim elements were transformed.

Constraint Validation Runtime : Time (s): cpu = 00:00:00 ; elapsed = 00:00:00.004 . Memory (MB): peak = 755.570 ; gain = 0.000
---------------------------------------------------------------------------------
Finished Constraint Validation : Time (s): cpu = 00:00:11 ; elapsed = 00:00:15 . Memory (MB): peak = 755.570 ; gain = 476.758
---------------------------------------------------------------------------------
---------------------------------------------------------------------------------
Start Loading Part and Timing Information
---------------------------------------------------------------------------------
Loading part: xc7z010clg400-1
---------------------------------------------------------------------------------
Finished Loading Part and Timing Information : Time (s): cpu = 00:00:11 ; elapsed = 00:00:15 . Memory (MB): peak = 755.570 ; gain = 476.758
---------------------------------------------------------------------------------
---------------------------------------------------------------------------------
Start Applying 'set_property' XDC Constraints
---------------------------------------------------------------------------------
Applied set_property DONT_TOUCH = true for vio_inst. (constraint file  auto generated constraint, line ).
---------------------------------------------------------------------------------
Finished applying 'set_property' XDC Constraints : Time (s): cpu = 00:00:11 ; elapsed = 00:00:15 . Memory (MB): peak = 755.570 ; gain = 476.758
---------------------------------------------------------------------------------
---------------------------------------------------------------------------------
Finished RTL Optimization Phase 2 : Time (s): cpu = 00:00:12 ; elapsed = 00:00:15 . Memory (MB): peak = 755.570 ; gain = 476.758
---------------------------------------------------------------------------------

Report RTL Partitions: 
+-+--------------+------------+----------+
| |RTL Partition |Replication |Instances |
+-+--------------+------------+----------+
+-+--------------+------------+----------+
---------------------------------------------------------------------------------
Start RTL Component Statistics 
---------------------------------------------------------------------------------
Detailed RTL Component Info : 
+---Adders : 
	   2 Input     32 Bit       Adders := 1     
	   2 Input      4 Bit       Adders := 1     
+---Registers : 
	                4 Bit    Registers := 1     
	                1 Bit    Registers := 1     
+---Muxes : 
	   2 Input      4 Bit        Muxes := 1     
	   2 Input      1 Bit        Muxes := 1     
---------------------------------------------------------------------------------
Finished RTL Component Statistics 
---------------------------------------------------------------------------------
---------------------------------------------------------------------------------
Start RTL Hierarchical Component Statistics 
---------------------------------------------------------------------------------
Hierarchical RTL Component report 
Module contBCD 
Detailed RTL Component Info : 
+---Adders : 
	   2 Input      4 Bit       Adders := 1     
+---Registers : 
	                4 Bit    Registers := 1     
+---Muxes : 
	   2 Input      4 Bit        Muxes := 1     
Module genEna 
Detailed RTL Component Info : 
+---Adders : 
	   2 Input     32 Bit       Adders := 1     
+---Registers : 
	                1 Bit    Registers := 1     
+---Muxes : 
	   2 Input      1 Bit        Muxes := 1     
---------------------------------------------------------------------------------
Finished RTL Hierarchical Component Statistics
---------------------------------------------------------------------------------
---------------------------------------------------------------------------------
Start Part Resource Summary
---------------------------------------------------------------------------------
Part Resources:
DSPs: 80 (col length:40)
BRAMs: 120 (col length: RAMB18 40 RAMB36 20)
---------------------------------------------------------------------------------
Finished Part Resource Summary
---------------------------------------------------------------------------------
---------------------------------------------------------------------------------
Start Cross Boundary and Area Optimization
---------------------------------------------------------------------------------
Warning: Parallel synthesis criteria is not met 
---------------------------------------------------------------------------------
Finished Cross Boundary and Area Optimization : Time (s): cpu = 00:00:12 ; elapsed = 00:00:15 . Memory (MB): peak = 755.570 ; gain = 476.758
---------------------------------------------------------------------------------

Report RTL Partitions: 
+-+--------------+------------+----------+
| |RTL Partition |Replication |Instances |
+-+--------------+------------+----------+
+-+--------------+------------+----------+
---------------------------------------------------------------------------------
Start Applying XDC Timing Constraints
---------------------------------------------------------------------------------
---------------------------------------------------------------------------------
Finished Applying XDC Timing Constraints : Time (s): cpu = 00:00:18 ; elapsed = 00:00:23 . Memory (MB): peak = 759.680 ; gain = 480.867
---------------------------------------------------------------------------------
---------------------------------------------------------------------------------
Start Timing Optimization
---------------------------------------------------------------------------------
---------------------------------------------------------------------------------
Finished Timing Optimization : Time (s): cpu = 00:00:18 ; elapsed = 00:00:23 . Memory (MB): peak = 759.680 ; gain = 480.867
---------------------------------------------------------------------------------

Report RTL Partitions: 
+-+--------------+------------+----------+
| |RTL Partition |Replication |Instances |
+-+--------------+------------+----------+
+-+--------------+------------+----------+
---------------------------------------------------------------------------------
Start Technology Mapping
---------------------------------------------------------------------------------
---------------------------------------------------------------------------------
Finished Technology Mapping : Time (s): cpu = 00:00:18 ; elapsed = 00:00:23 . Memory (MB): peak = 769.266 ; gain = 490.453
---------------------------------------------------------------------------------

Report RTL Partitions: 
+-+--------------+------------+----------+
| |RTL Partition |Replication |Instances |
+-+--------------+------------+----------+
+-+--------------+------------+----------+
---------------------------------------------------------------------------------
Start IO Insertion
---------------------------------------------------------------------------------
---------------------------------------------------------------------------------
Start Flattening Before IO Insertion
---------------------------------------------------------------------------------
---------------------------------------------------------------------------------
Finished Flattening Before IO Insertion
---------------------------------------------------------------------------------
---------------------------------------------------------------------------------
Start Final Netlist Cleanup
---------------------------------------------------------------------------------
---------------------------------------------------------------------------------
Finished Final Netlist Cleanup
---------------------------------------------------------------------------------
---------------------------------------------------------------------------------
Finished IO Insertion : Time (s): cpu = 00:00:19 ; elapsed = 00:00:24 . Memory (MB): peak = 769.266 ; gain = 490.453
---------------------------------------------------------------------------------

Report Check Netlist: 
+------+------------------+-------+---------+-------+------------------+
|      |Item              |Errors |Warnings |Status |Description       |
+------+------------------+-------+---------+-------+------------------+
|1     |multi_driven_nets |      0|        0|Passed |Multi driven nets |
+------+------------------+-------+---------+-------+------------------+
---------------------------------------------------------------------------------
Start Renaming Generated Instances
---------------------------------------------------------------------------------
---------------------------------------------------------------------------------
Finished Renaming Generated Instances : Time (s): cpu = 00:00:19 ; elapsed = 00:00:24 . Memory (MB): peak = 769.266 ; gain = 490.453
---------------------------------------------------------------------------------

Report RTL Partitions: 
+-+--------------+------------+----------+
| |RTL Partition |Replication |Instances |
+-+--------------+------------+----------+
+-+--------------+------------+----------+
---------------------------------------------------------------------------------
Start Rebuilding User Hierarchy
---------------------------------------------------------------------------------
---------------------------------------------------------------------------------
Finished Rebuilding User Hierarchy : Time (s): cpu = 00:00:19 ; elapsed = 00:00:24 . Memory (MB): peak = 769.266 ; gain = 490.453
---------------------------------------------------------------------------------
---------------------------------------------------------------------------------
Start Renaming Generated Ports
---------------------------------------------------------------------------------
---------------------------------------------------------------------------------
Finished Renaming Generated Ports : Time (s): cpu = 00:00:19 ; elapsed = 00:00:24 . Memory (MB): peak = 769.266 ; gain = 490.453
---------------------------------------------------------------------------------
---------------------------------------------------------------------------------
Start Handling Custom Attributes
---------------------------------------------------------------------------------
---------------------------------------------------------------------------------
Finished Handling Custom Attributes : Time (s): cpu = 00:00:19 ; elapsed = 00:00:24 . Memory (MB): peak = 769.266 ; gain = 490.453
---------------------------------------------------------------------------------
---------------------------------------------------------------------------------
Start Renaming Generated Nets
---------------------------------------------------------------------------------
---------------------------------------------------------------------------------
Finished Renaming Generated Nets : Time (s): cpu = 00:00:19 ; elapsed = 00:00:24 . Memory (MB): peak = 769.266 ; gain = 490.453
---------------------------------------------------------------------------------
---------------------------------------------------------------------------------
Start Writing Synthesis Report
---------------------------------------------------------------------------------

Report BlackBoxes: 
+------+--------------+----------+
|      |BlackBox name |Instances |
+------+--------------+----------+
|1     |vio_0         |         1|
+------+--------------+----------+

Report Cell Usage: 
+------+-------------+------+
|      |Cell         |Count |
+------+-------------+------+
|1     |vio_0_bbox_0 |     1|
|2     |BUFG         |     1|
|3     |CARRY4       |    19|
|4     |LUT1         |     3|
|5     |LUT2         |     4|
|6     |LUT3         |    11|
|7     |LUT4         |     2|
|8     |FDRE         |    37|
|9     |IBUF         |     1|
+------+-------------+------+

Report Instance Areas: 
+------+---------------------+--------------+------+
|      |Instance             |Module        |Cells |
+------+---------------------+--------------+------+
|1     |top                  |              |    80|
|2     |  contBCD_Lento_inst |contBCD_Lento |    76|
|3     |    contBCD_inst     |contBCD       |     8|
|4     |    genEna_inst      |genEna        |    68|
+------+---------------------+--------------+------+
---------------------------------------------------------------------------------
Finished Writing Synthesis Report : Time (s): cpu = 00:00:19 ; elapsed = 00:00:24 . Memory (MB): peak = 769.266 ; gain = 490.453
---------------------------------------------------------------------------------
Synthesis finished with 0 errors, 0 critical warnings and 0 warnings.
Synthesis Optimization Runtime : Time (s): cpu = 00:00:11 ; elapsed = 00:00:17 . Memory (MB): peak = 769.266 ; gain = 167.730
Synthesis Optimization Complete : Time (s): cpu = 00:00:19 ; elapsed = 00:00:24 . Memory (MB): peak = 769.266 ; gain = 490.453
INFO: [Project 1-571] Translating synthesized netlist
INFO: [Netlist 29-17] Analyzing 20 Unisim elements for replacement
INFO: [Netlist 29-28] Unisim Transformation completed in 0 CPU seconds
INFO: [Project 1-570] Preparing netlist for logic optimization
INFO: [Opt 31-138] Pushed 0 inverter(s) to 0 load pin(s).
INFO: [Project 1-111] Unisim Transformation Summary:
No Unisim elements were transformed.

INFO: [Common 17-83] Releasing license: Synthesis
26 Infos, 0 Warnings, 0 Critical Warnings and 0 Errors encountered.
synth_design completed successfully
synth_design: Time (s): cpu = 00:00:20 ; elapsed = 00:00:27 . Memory (MB): peak = 778.031 ; gain = 507.930
INFO: [Common 17-1381] The checkpoint 'C:/Xilinx/Practicas/contBCD_lento_VIO/Sintesis/contBCD_Lento.runs/synth_1/contBCD_Lento_VIO.dcp' has been generated.
INFO: [runtcl-4] Executing : report_utilization -file contBCD_Lento_VIO_utilization_synth.rpt -pb contBCD_Lento_VIO_utilization_synth.pb
report_utilization: Time (s): cpu = 00:00:00 ; elapsed = 00:00:00.008 . Memory (MB): peak = 778.031 ; gain = 0.000
INFO: [Common 17-206] Exiting Vivado at Sat Apr 12 15:25:46 2025...
