
*** Running vivado
    with args -log contBCD_Lento_VIO.vdi -applog -m64 -product Vivado -messageDb vivado.pb -mode batch -source contBCD_Lento_VIO.tcl -notrace


****** Vivado v2018.1 (64-bit)
  **** SW Build 2188600 on Wed Apr  4 18:40:38 MDT 2018
  **** IP Build 2185939 on Wed Apr  4 20:55:05 MDT 2018
    ** Copyright 1986-2018 Xilinx, Inc. All Rights Reserved.

source contBCD_Lento_VIO.tcl -notrace
Command: link_design -top contBCD_Lento_VIO -part xc7z010clg400-1
Design is defaulting to srcset: sources_1
Design is defaulting to constrset: constrs_1
INFO: [Project 1-454] Reading design checkpoint 'c:/Users/Juanma/Documents/CESE/CLP/TPs_CLP/Introduccion/contBCD_lento_VIO/Sintesis/contBCD_Lento/contBCD_Lento.srcs/sources_1/ip/vio_0/vio_0.dcp' for cell 'your_instance_name'
INFO: [Netlist 29-17] Analyzing 20 Unisim elements for replacement
INFO: [Netlist 29-28] Unisim Transformation completed in 0 CPU seconds
INFO: [Project 1-479] Netlist was created with Vivado 2018.1
INFO: [Device 21-403] Loading part xc7z010clg400-1
INFO: [Project 1-570] Preparing netlist for logic optimization
INFO: [Chipscope 16-324] Core: your_instance_name UUID: c43761e0-c036-5039-8c69-07a263a83e64 
Parsing XDC File [c:/Users/Juanma/Documents/CESE/CLP/TPs_CLP/Introduccion/contBCD_lento_VIO/Sintesis/contBCD_Lento/contBCD_Lento.srcs/sources_1/ip/vio_0/vio_0.xdc] for cell 'your_instance_name'
Finished Parsing XDC File [c:/Users/Juanma/Documents/CESE/CLP/TPs_CLP/Introduccion/contBCD_lento_VIO/Sintesis/contBCD_Lento/contBCD_Lento.srcs/sources_1/ip/vio_0/vio_0.xdc] for cell 'your_instance_name'
Parsing XDC File [C:/Users/Juanma/Documents/CESE/CLP/TPs_CLP/Introduccion/contBCD_lento_VIO/Sintesis/contBCD_Lento/contBCD_Lento.srcs/constrs_1/imports/Fuentes/Arty-Z7-10-Master.xdc]
Finished Parsing XDC File [C:/Users/Juanma/Documents/CESE/CLP/TPs_CLP/Introduccion/contBCD_lento_VIO/Sintesis/contBCD_Lento/contBCD_Lento.srcs/constrs_1/imports/Fuentes/Arty-Z7-10-Master.xdc]
INFO: [Opt 31-138] Pushed 0 inverter(s) to 0 load pin(s).
INFO: [Project 1-111] Unisim Transformation Summary:
No Unisim elements were transformed.

9 Infos, 0 Warnings, 0 Critical Warnings and 0 Errors encountered.
link_design completed successfully
link_design: Time (s): cpu = 00:00:05 ; elapsed = 00:00:07 . Memory (MB): peak = 596.578 ; gain = 325.035
Command: opt_design
Attempting to get a license for feature 'Implementation' and/or device 'xc7z010'
INFO: [Common 17-349] Got license for feature 'Implementation' and/or device 'xc7z010'
Running DRC as a precondition to command opt_design

Starting DRC Task
INFO: [DRC 23-27] Running DRC with 2 threads
INFO: [Project 1-461] DRC finished with 0 Errors
INFO: [Project 1-462] Please refer to the DRC report (report_drc) for more information.

Time (s): cpu = 00:00:01 ; elapsed = 00:00:00.386 . Memory (MB): peak = 610.234 ; gain = 13.656
INFO: [Timing 38-35] Done setting XDC timing constraints.

Starting Logic Optimization Task

Phase 1 Generate And Synthesize Debug Cores
INFO: [Chipscope 16-329] Generating Script for core instance : dbg_hub 
ERROR: [Chipscope 16-302] Could not generate core for dbg_hub. Aborting IP Generation operaion. The current Vivado temporary directory path, 'C:/Users/Juanma/Documents/CESE/CLP/TPs_CLP/Introduccion/contBCD_lento_VIO/Sintesis/contBCD_Lento/contBCD_Lento.runs/impl_1/.Xil/Vivado-3172-DESKTOP-NG7OJN9', is 155 characters. Errors on the host OS will occur when trying to insert logic for debug core 'dbg_hub' when temporary directory paths exceed 146 characters. Please move this Vivado project or the Vivado working directory to a shorter path; alternately consider using the OS subst command to map part of the path to a drive letter.
  
	
Phase 1 Generate And Synthesize Debug Cores | Checksum: 133f0f928

Time (s): cpu = 00:00:00 ; elapsed = 00:00:00.006 . Memory (MB): peak = 1157.238 ; gain = 0.000
INFO: [Common 17-83] Releasing license: Implementation
16 Infos, 0 Warnings, 0 Critical Warnings and 2 Errors encountered.
opt_design failed
ERROR: [Chipscope 16-338] Implementing debug Cores failed due to earlier errors
INFO: [Common 17-206] Exiting Vivado at Sun Apr  6 19:15:04 2025...
