
*** Running vivado
    with args -log sumNb_VIO.vds -m64 -product Vivado -mode batch -messageDb vivado.pb -notrace -source sumNb_VIO.tcl


****** Vivado v2018.1 (64-bit)
  **** SW Build 2188600 on Wed Apr  4 18:40:38 MDT 2018
  **** IP Build 2185939 on Wed Apr  4 20:55:05 MDT 2018
    ** Copyright 1986-2018 Xilinx, Inc. All Rights Reserved.

source sumNb_VIO.tcl -notrace
Command: synth_design -top sumNb_VIO -part xc7z010clg400-1
Starting synth_design
Attempting to get a license for feature 'Synthesis' and/or device 'xc7z010'
INFO: [Common 17-349] Got license for feature 'Synthesis' and/or device 'xc7z010'
INFO: Launching helper process for spawning children vivado processes
INFO: Helper process launched with PID 3612 
---------------------------------------------------------------------------------
Starting RTL Elaboration : Time (s): cpu = 00:00:03 ; elapsed = 00:00:03 . Memory (MB): peak = 377.359 ; gain = 98.660
---------------------------------------------------------------------------------
INFO: [Synth 8-638] synthesizing module 'sumNb_VIO' [C:/Users/Juanma/Documents/CESE/CLP/TPs_CLP/Introduccion/sumNb_VIO/Fuentes/sumNb_VIO.vhd:12]
	Parameter N bound to: 4 - type: integer 
INFO: [Synth 8-3491] module 'sumNb' declared at 'C:/Users/Juanma/Documents/CESE/CLP/TPs_CLP/Introduccion/sumNb_VIO/Fuentes/sumNb.vhd:5' bound to instance 'sumNb_inst' of component 'sumNb' [C:/Users/Juanma/Documents/CESE/CLP/TPs_CLP/Introduccion/sumNb_VIO/Fuentes/sumNb_VIO.vhd:45]
INFO: [Synth 8-638] synthesizing module 'sumNb' [C:/Users/Juanma/Documents/CESE/CLP/TPs_CLP/Introduccion/sumNb_VIO/Fuentes/sumNb.vhd:19]
	Parameter N bound to: 4 - type: integer 
INFO: [Synth 8-3491] module 'sum1b' declared at 'C:/Users/Juanma/Documents/CESE/CLP/TPs_CLP/Introduccion/sum1b/Fuentes/sum1b.vhd:5' bound to instance 'sum1b_i' of component 'sum1b' [C:/Users/Juanma/Documents/CESE/CLP/TPs_CLP/Introduccion/sumNb_VIO/Fuentes/sumNb.vhd:39]
INFO: [Synth 8-638] synthesizing module 'sum1b' [C:/Users/Juanma/Documents/CESE/CLP/TPs_CLP/Introduccion/sum1b/Fuentes/sum1b.vhd:16]
INFO: [Synth 8-256] done synthesizing module 'sum1b' (1#1) [C:/Users/Juanma/Documents/CESE/CLP/TPs_CLP/Introduccion/sum1b/Fuentes/sum1b.vhd:16]
INFO: [Synth 8-3491] module 'sum1b' declared at 'C:/Users/Juanma/Documents/CESE/CLP/TPs_CLP/Introduccion/sum1b/Fuentes/sum1b.vhd:5' bound to instance 'sum1b_i' of component 'sum1b' [C:/Users/Juanma/Documents/CESE/CLP/TPs_CLP/Introduccion/sumNb_VIO/Fuentes/sumNb.vhd:39]
INFO: [Synth 8-3491] module 'sum1b' declared at 'C:/Users/Juanma/Documents/CESE/CLP/TPs_CLP/Introduccion/sum1b/Fuentes/sum1b.vhd:5' bound to instance 'sum1b_i' of component 'sum1b' [C:/Users/Juanma/Documents/CESE/CLP/TPs_CLP/Introduccion/sumNb_VIO/Fuentes/sumNb.vhd:39]
INFO: [Synth 8-3491] module 'sum1b' declared at 'C:/Users/Juanma/Documents/CESE/CLP/TPs_CLP/Introduccion/sum1b/Fuentes/sum1b.vhd:5' bound to instance 'sum1b_i' of component 'sum1b' [C:/Users/Juanma/Documents/CESE/CLP/TPs_CLP/Introduccion/sumNb_VIO/Fuentes/sumNb.vhd:39]
INFO: [Synth 8-256] done synthesizing module 'sumNb' (2#1) [C:/Users/Juanma/Documents/CESE/CLP/TPs_CLP/Introduccion/sumNb_VIO/Fuentes/sumNb.vhd:19]
INFO: [Synth 8-3491] module 'vio_0' declared at 'C:/Users/Juanma/Documents/CESE/CLP/TPs_CLP/Introduccion/sumNb_VIO/Sintesis/sumNb_VIO.runs/synth_1/.Xil/Vivado-11004-DESKTOP-NG7OJN9/realtime/vio_0_stub.vhdl:5' bound to instance 'vio_inst' of component 'vio_0' [C:/Users/Juanma/Documents/CESE/CLP/TPs_CLP/Introduccion/sumNb_VIO/Fuentes/sumNb_VIO.vhd:57]
INFO: [Synth 8-638] synthesizing module 'vio_0' [C:/Users/Juanma/Documents/CESE/CLP/TPs_CLP/Introduccion/sumNb_VIO/Sintesis/sumNb_VIO.runs/synth_1/.Xil/Vivado-11004-DESKTOP-NG7OJN9/realtime/vio_0_stub.vhdl:17]
INFO: [Synth 8-6071] Mark debug on the nets applies keep_hierarchy on instance 'sumNb_inst'. This will prevent further optimization [C:/Users/Juanma/Documents/CESE/CLP/TPs_CLP/Introduccion/sumNb_VIO/Fuentes/sumNb_VIO.vhd:45]
INFO: [Synth 8-256] done synthesizing module 'sumNb_VIO' (3#1) [C:/Users/Juanma/Documents/CESE/CLP/TPs_CLP/Introduccion/sumNb_VIO/Fuentes/sumNb_VIO.vhd:12]
---------------------------------------------------------------------------------
Finished RTL Elaboration : Time (s): cpu = 00:00:04 ; elapsed = 00:00:04 . Memory (MB): peak = 431.973 ; gain = 153.273
---------------------------------------------------------------------------------

Report Check Netlist: 
+------+------------------+-------+---------+-------+------------------+
|      |Item              |Errors |Warnings |Status |Description       |
+------+------------------+-------+---------+-------+------------------+
|1     |multi_driven_nets |      0|        0|Passed |Multi driven nets |
+------+------------------+-------+---------+-------+------------------+
---------------------------------------------------------------------------------
Start Handling Custom Attributes
---------------------------------------------------------------------------------
---------------------------------------------------------------------------------
Finished Handling Custom Attributes : Time (s): cpu = 00:00:04 ; elapsed = 00:00:04 . Memory (MB): peak = 431.973 ; gain = 153.273
---------------------------------------------------------------------------------
---------------------------------------------------------------------------------
Finished RTL Optimization Phase 1 : Time (s): cpu = 00:00:04 ; elapsed = 00:00:04 . Memory (MB): peak = 431.973 ; gain = 153.273
---------------------------------------------------------------------------------
INFO: [Device 21-403] Loading part xc7z010clg400-1
INFO: [Project 1-570] Preparing netlist for logic optimization

Processing XDC Constraints
Initializing timing engine
Parsing XDC File [c:/Users/Juanma/Documents/CESE/CLP/TPs_CLP/Introduccion/sumNb_VIO/Sintesis/sumNb_VIO.srcs/sources_1/ip/vio_0/vio_0/vio_0_in_context.xdc] for cell 'vio_inst'
Finished Parsing XDC File [c:/Users/Juanma/Documents/CESE/CLP/TPs_CLP/Introduccion/sumNb_VIO/Sintesis/sumNb_VIO.srcs/sources_1/ip/vio_0/vio_0/vio_0_in_context.xdc] for cell 'vio_inst'
Parsing XDC File [C:/Users/Juanma/Documents/CESE/CLP/TPs_CLP/Introduccion/sumNb_VIO/Fuentes/Arty-Z7-10-Master.xdc]
Finished Parsing XDC File [C:/Users/Juanma/Documents/CESE/CLP/TPs_CLP/Introduccion/sumNb_VIO/Fuentes/Arty-Z7-10-Master.xdc]
INFO: [Project 1-236] Implementation specific constraints were found while reading constraint file [C:/Users/Juanma/Documents/CESE/CLP/TPs_CLP/Introduccion/sumNb_VIO/Fuentes/Arty-Z7-10-Master.xdc]. These constraints will be ignored for synthesis but will be used in implementation. Impacted constraints are listed in the file [.Xil/sumNb_VIO_propImpl.xdc].
Resolution: To avoid this warning, move constraints listed in [.Xil/sumNb_VIO_propImpl.xdc] to another XDC file and exclude this new file from synthesis with the used_in_synthesis property (File Properties dialog in GUI) and re-run elaboration/synthesis.
Completed Processing XDC Constraints

INFO: [Project 1-111] Unisim Transformation Summary:
No Unisim elements were transformed.

Constraint Validation Runtime : Time (s): cpu = 00:00:00 ; elapsed = 00:00:00.004 . Memory (MB): peak = 760.078 ; gain = 0.000
---------------------------------------------------------------------------------
Finished Constraint Validation : Time (s): cpu = 00:00:11 ; elapsed = 00:00:14 . Memory (MB): peak = 760.078 ; gain = 481.379
---------------------------------------------------------------------------------
---------------------------------------------------------------------------------
Start Loading Part and Timing Information
---------------------------------------------------------------------------------
Loading part: xc7z010clg400-1
---------------------------------------------------------------------------------
Finished Loading Part and Timing Information : Time (s): cpu = 00:00:11 ; elapsed = 00:00:14 . Memory (MB): peak = 760.078 ; gain = 481.379
---------------------------------------------------------------------------------
---------------------------------------------------------------------------------
Start Applying 'set_property' XDC Constraints
---------------------------------------------------------------------------------
Applied set_property DONT_TOUCH = true for vio_inst. (constraint file  auto generated constraint, line ).
---------------------------------------------------------------------------------
Finished applying 'set_property' XDC Constraints : Time (s): cpu = 00:00:11 ; elapsed = 00:00:14 . Memory (MB): peak = 760.078 ; gain = 481.379
---------------------------------------------------------------------------------
---------------------------------------------------------------------------------
Finished RTL Optimization Phase 2 : Time (s): cpu = 00:00:11 ; elapsed = 00:00:14 . Memory (MB): peak = 760.078 ; gain = 481.379
---------------------------------------------------------------------------------

Report RTL Partitions: 
+-+--------------+------------+----------+
| |RTL Partition |Replication |Instances |
+-+--------------+------------+----------+
+-+--------------+------------+----------+
---------------------------------------------------------------------------------
Start RTL Component Statistics 
---------------------------------------------------------------------------------
Detailed RTL Component Info : 
+---XORs : 
	   3 Input      1 Bit         XORs := 4     
---------------------------------------------------------------------------------
Finished RTL Component Statistics 
---------------------------------------------------------------------------------
---------------------------------------------------------------------------------
Start RTL Hierarchical Component Statistics 
---------------------------------------------------------------------------------
Hierarchical RTL Component report 
Module sum1b 
Detailed RTL Component Info : 
+---XORs : 
	   3 Input      1 Bit         XORs := 1     
---------------------------------------------------------------------------------
Finished RTL Hierarchical Component Statistics
---------------------------------------------------------------------------------
---------------------------------------------------------------------------------
Start Part Resource Summary
---------------------------------------------------------------------------------
Part Resources:
DSPs: 80 (col length:40)
BRAMs: 120 (col length: RAMB18 40 RAMB36 20)
---------------------------------------------------------------------------------
Finished Part Resource Summary
---------------------------------------------------------------------------------
---------------------------------------------------------------------------------
Start Cross Boundary and Area Optimization
---------------------------------------------------------------------------------
Warning: Parallel synthesis criteria is not met 
---------------------------------------------------------------------------------
Finished Cross Boundary and Area Optimization : Time (s): cpu = 00:00:12 ; elapsed = 00:00:14 . Memory (MB): peak = 760.078 ; gain = 481.379
---------------------------------------------------------------------------------

Report RTL Partitions: 
+-+--------------+------------+----------+
| |RTL Partition |Replication |Instances |
+-+--------------+------------+----------+
+-+--------------+------------+----------+
---------------------------------------------------------------------------------
Start Applying XDC Timing Constraints
---------------------------------------------------------------------------------
---------------------------------------------------------------------------------
Finished Applying XDC Timing Constraints : Time (s): cpu = 00:00:18 ; elapsed = 00:00:22 . Memory (MB): peak = 760.078 ; gain = 481.379
---------------------------------------------------------------------------------
---------------------------------------------------------------------------------
Start Timing Optimization
---------------------------------------------------------------------------------
---------------------------------------------------------------------------------
Finished Timing Optimization : Time (s): cpu = 00:00:18 ; elapsed = 00:00:22 . Memory (MB): peak = 760.078 ; gain = 481.379
---------------------------------------------------------------------------------

Report RTL Partitions: 
+-+--------------+------------+----------+
| |RTL Partition |Replication |Instances |
+-+--------------+------------+----------+
+-+--------------+------------+----------+
---------------------------------------------------------------------------------
Start Technology Mapping
---------------------------------------------------------------------------------
---------------------------------------------------------------------------------
Finished Technology Mapping : Time (s): cpu = 00:00:18 ; elapsed = 00:00:22 . Memory (MB): peak = 760.078 ; gain = 481.379
---------------------------------------------------------------------------------

Report RTL Partitions: 
+-+--------------+------------+----------+
| |RTL Partition |Replication |Instances |
+-+--------------+------------+----------+
+-+--------------+------------+----------+
---------------------------------------------------------------------------------
Start IO Insertion
---------------------------------------------------------------------------------
---------------------------------------------------------------------------------
Start Flattening Before IO Insertion
---------------------------------------------------------------------------------
---------------------------------------------------------------------------------
Finished Flattening Before IO Insertion
---------------------------------------------------------------------------------
---------------------------------------------------------------------------------
Start Final Netlist Cleanup
---------------------------------------------------------------------------------
---------------------------------------------------------------------------------
Finished Final Netlist Cleanup
---------------------------------------------------------------------------------
---------------------------------------------------------------------------------
Finished IO Insertion : Time (s): cpu = 00:00:18 ; elapsed = 00:00:22 . Memory (MB): peak = 760.078 ; gain = 481.379
---------------------------------------------------------------------------------

Report Check Netlist: 
+------+------------------+-------+---------+-------+------------------+
|      |Item              |Errors |Warnings |Status |Description       |
+------+------------------+-------+---------+-------+------------------+
|1     |multi_driven_nets |      0|        0|Passed |Multi driven nets |
+------+------------------+-------+---------+-------+------------------+
---------------------------------------------------------------------------------
Start Renaming Generated Instances
---------------------------------------------------------------------------------
---------------------------------------------------------------------------------
Finished Renaming Generated Instances : Time (s): cpu = 00:00:18 ; elapsed = 00:00:22 . Memory (MB): peak = 760.078 ; gain = 481.379
---------------------------------------------------------------------------------

Report RTL Partitions: 
+-+--------------+------------+----------+
| |RTL Partition |Replication |Instances |
+-+--------------+------------+----------+
+-+--------------+------------+----------+
---------------------------------------------------------------------------------
Start Rebuilding User Hierarchy
---------------------------------------------------------------------------------
---------------------------------------------------------------------------------
Finished Rebuilding User Hierarchy : Time (s): cpu = 00:00:18 ; elapsed = 00:00:22 . Memory (MB): peak = 760.078 ; gain = 481.379
---------------------------------------------------------------------------------
---------------------------------------------------------------------------------
Start Renaming Generated Ports
---------------------------------------------------------------------------------
---------------------------------------------------------------------------------
Finished Renaming Generated Ports : Time (s): cpu = 00:00:18 ; elapsed = 00:00:22 . Memory (MB): peak = 760.078 ; gain = 481.379
---------------------------------------------------------------------------------
---------------------------------------------------------------------------------
Start Handling Custom Attributes
---------------------------------------------------------------------------------
---------------------------------------------------------------------------------
Finished Handling Custom Attributes : Time (s): cpu = 00:00:18 ; elapsed = 00:00:22 . Memory (MB): peak = 760.078 ; gain = 481.379
---------------------------------------------------------------------------------
---------------------------------------------------------------------------------
Start Renaming Generated Nets
---------------------------------------------------------------------------------
---------------------------------------------------------------------------------
Finished Renaming Generated Nets : Time (s): cpu = 00:00:18 ; elapsed = 00:00:22 . Memory (MB): peak = 760.078 ; gain = 481.379
---------------------------------------------------------------------------------
---------------------------------------------------------------------------------
Start Writing Synthesis Report
---------------------------------------------------------------------------------

Report BlackBoxes: 
+------+--------------+----------+
|      |BlackBox name |Instances |
+------+--------------+----------+
|1     |vio_0         |         1|
+------+--------------+----------+

Report Cell Usage: 
+------+-------------+------+
|      |Cell         |Count |
+------+-------------+------+
|1     |vio_0_bbox_0 |     1|
|2     |LUT3         |     2|
|3     |LUT5         |     4|
|4     |IBUF         |     1|
+------+-------------+------+

Report Instance Areas: 
+------+-------------+-------+------+
|      |Instance     |Module |Cells |
+------+-------------+-------+------+
|1     |top          |       |    16|
|2     |  sumNb_inst |sumNb  |     6|
+------+-------------+-------+------+
---------------------------------------------------------------------------------
Finished Writing Synthesis Report : Time (s): cpu = 00:00:18 ; elapsed = 00:00:22 . Memory (MB): peak = 760.078 ; gain = 481.379
---------------------------------------------------------------------------------
Synthesis finished with 0 errors, 0 critical warnings and 0 warnings.
Synthesis Optimization Runtime : Time (s): cpu = 00:00:10 ; elapsed = 00:00:16 . Memory (MB): peak = 760.078 ; gain = 153.273
Synthesis Optimization Complete : Time (s): cpu = 00:00:18 ; elapsed = 00:00:22 . Memory (MB): peak = 760.078 ; gain = 481.379
INFO: [Project 1-571] Translating synthesized netlist
INFO: [Netlist 29-17] Analyzing 1 Unisim elements for replacement
INFO: [Netlist 29-28] Unisim Transformation completed in 0 CPU seconds
INFO: [Project 1-570] Preparing netlist for logic optimization
INFO: [Opt 31-138] Pushed 0 inverter(s) to 0 load pin(s).
INFO: [Project 1-111] Unisim Transformation Summary:
No Unisim elements were transformed.

INFO: [Common 17-83] Releasing license: Synthesis
26 Infos, 0 Warnings, 0 Critical Warnings and 0 Errors encountered.
synth_design completed successfully
synth_design: Time (s): cpu = 00:00:19 ; elapsed = 00:00:25 . Memory (MB): peak = 774.254 ; gain = 504.203
INFO: [Common 17-1381] The checkpoint 'C:/Users/Juanma/Documents/CESE/CLP/TPs_CLP/Introduccion/sumNb_VIO/Sintesis/sumNb_VIO.runs/synth_1/sumNb_VIO.dcp' has been generated.
INFO: [runtcl-4] Executing : report_utilization -file sumNb_VIO_utilization_synth.rpt -pb sumNb_VIO_utilization_synth.pb
report_utilization: Time (s): cpu = 00:00:00 ; elapsed = 00:00:00.016 . Memory (MB): peak = 774.254 ; gain = 0.000
INFO: [Common 17-206] Exiting Vivado at Sat Apr 12 12:48:47 2025...
